-------------------- Log Start | Fri Oct 27 11:03:33 2023 --------------------
data_path: /home/gerwen/printer_data
is_default_data_path: False
config_file: /home/gerwen/printer_data/config/moonraker.conf
startup_warnings: []
verbose: False
debug: False
asyncio_debug: False
is_backup_config: False
is_python_package: True
instance_uuid: 68e64eb3cbfa4dcb9bf4a41ca7649a26
unix_socket_path: /home/gerwen/printer_data/comms/moonraker.sock
software_version: v0.8.0-188-ga71c5c1
git_branch: master
git_remote: origin
git_repo_url: https://github.com/Arksine/moonraker.git
modified_files: []
unofficial_components: []
log_file: /home/gerwen/printer_data/logs/moonraker.log
python_version: 3.9.2 (default, Mar 12 2021, 04:06:34)  [GCC 10.2.1 20210110]
msgspec_enabled: False
uvloop_enabled: False

#################### Moonraker Configuration ####################

[server]
host = 0.0.0.0
port = 7125
klippy_uds_address = /home/gerwen/printer_data/comms/klippy.sock

[authorization]
trusted_clients = 
	10.0.0.0/16
	10.0.0.0/8
	127.0.0.0/8
	169.254.0.0/16
	172.16.0.0/12
	192.168.0.0/16
	FE80::/10
	::1/128
cors_domains = 
	http://*.lan
	http://*.local
	https://my.mainsail.xyz
	http://my.mainsail.xyz
	https://app.fluidd.xyz
	http://app.fluidd.xyz

[octoprint_compat]

[history]

[update_manager]
channel = dev
refresh_interval = 168

[update_manager mainsail]
type = web
channel = stable
repo = mainsail-crew/mainsail
path = ~/mainsail

[file_manager]
enable_object_processing = True

#################################################################
All Configuration Files:
/home/gerwen/printer_data/config/moonraker.conf
#################################################################
Unsafe Shutdown Count: 1

System Info:

***python***
  version: (3, 9, 2, 'final', 0)
  version_string: 3.9.2 (default, Mar 12 2021, 04:06:34)  [GCC 10.2.1 20210110]

***cpu_info***
  cpu_count: 4
  bits: 32bit
  processor: armv7l
  cpu_desc: ARMv7 Processor rev 5 (v7l)
  serial_number: 585ae57e
  hardware_desc: BCM2835
  model: Raspberry Pi 2 Model B Rev 1.1
  total_memory: 761404
  memory_units: kB

***sd_info***
  manufacturer_id: 03
  manufacturer: Sandisk
  oem_id: 5344
  product_name: SD64G
  product_revision: 8.5
  serial_number: a508242f
  manufacturer_date: 11/2020
  capacity: 59.5 GiB
  total_bytes: 63864569856

***distribution***
  name: Raspbian GNU/Linux 11 (bullseye)
  id: raspbian
  version: 11
  version_parts: {'major': '11', 'minor': '', 'build_number': ''}
  like: debian
  codename: bullseye
  release_info: {'name': 'MainsailOS', 'version_id': '1.2.1', 'codename': 'bullseye', 'id': 'mainsailos'}

***virtualization***
  virt_type: none
  virt_identifier: none

***network***

***canbus***

***Allowed Services***
  klipper_mcu
  webcamd
  MoonCord
  KlipperScreen
  moonraker-telegram-bot
  moonraker-obico
  sonar
  crowsnest
  octoeverywhere
  ratos-configurator

Systemd unit moonraker.service:
unit_name: moonraker.service
is_default: True
manager: systemd
Properties:
**Requires=['network-online.target', 'sysinit.target', 'system.slice']
**After=['system.slice', 'klipper.service', 'network-online.target', 'sysinit.target', 'basic.target', 'systemd-journald.socket']
**SupplementaryGroups=['moonraker-admin']
**EnvironmentFiles=/home/gerwen/printer_data/systemd/moonraker.env
**ExecStart=/home/gerwen/moonraker-env/bin/python $MOONRAKER_ARGS
**WorkingDirectory=
**FragmentPath=/etc/systemd/system/moonraker.service
**Description=API Server for Klipper SV1
**User=gerwen

Systemd unit klipper.service:
unit_name: klipper.service
is_default: True
manager: systemd
Properties:
**Requires=['-.mount', 'sysinit.target', 'system.slice']
**After=['system.slice', 'network-online.target', 'sysinit.target', '-.mount', 'basic.target', 'systemd-journald.socket']
**SupplementaryGroups=[]
**EnvironmentFiles=/home/gerwen/printer_data/systemd/klipper.env
**ExecStart=/home/gerwen/klippy-env/bin/python $KLIPPER_ARGS
**WorkingDirectory=/home/gerwen/klipper
**FragmentPath=/etc/systemd/system/klipper.service
**Description=Klipper 3D Printer Firmware SV1
**User=gerwen
Git Repo moonraker: Warnings detected:
  Repo has untracked source files: ['moonraker/components/timelapse.py']
Git Repo klipper: No warnings detected
Klipper Version: v0.11.0-304-gf7567a0d
2023-10-27 07:03:33,126 [server.py:_handle_term_signal()] - Exiting with signal SIGTERM
2023-10-27 07:03:33,441 [websockets.py:write_to_socket()] - Websocket closed while writing: 1749977864
2023-10-27 07:03:33,443 [websockets.py:write_to_socket()] - Websocket closed while writing: 1729837424
2023-10-27 07:03:33,453 [websockets.py:on_close()] - Websocket Closed: ID: 1749977864 Close Code: 1001, Close Reason: Server Shutdown, Pong Time Elapsed: 7.42
2023-10-27 07:03:33,462 [websockets.py:on_close()] - Websocket Closed: ID: 1729837424 Close Code: 1001, Close Reason: Server Shutdown, Pong Time Elapsed: 1.07
2023-10-27 07:03:33,481 [klippy_connection.py:_on_connection_closed()] - Klippy Connection Removed
2023-10-27 07:03:33,509 [database.py:close()] - Database statistics:

announcements:
psize: 4096
depth: 0
branch_pages: 0
leaf_pages: 0
overflow_pages: 0
entries: 0
authorized_users:
psize: 4096
depth: 1
branch_pages: 0
leaf_pages: 1
overflow_pages: 0
entries: 1
gcode_metadata:
psize: 4096
depth: 1
branch_pages: 0
leaf_pages: 1
overflow_pages: 0
entries: 2
history:
psize: 4096
depth: 1
branch_pages: 0
leaf_pages: 1
overflow_pages: 0
entries: 2
mainsail:
psize: 4096
depth: 1
branch_pages: 0
leaf_pages: 1
overflow_pages: 0
entries: 8
moonraker:
psize: 4096
depth: 1
branch_pages: 0
leaf_pages: 1
overflow_pages: 0
entries: 7
update_manager:
psize: 4096
depth: 1
branch_pages: 0
leaf_pages: 1
overflow_pages: 0
entries: 4
2023-10-27 07:03:33,647 [server.py:main()] - Server Shutdown
-------------------- Log Start | Fri Oct 27 11:03:56 2023 --------------------
data_path: /home/gerwen/printer_data
is_default_data_path: False
config_file: /home/gerwen/printer_data/config/moonraker.conf
startup_warnings: []
verbose: False
debug: False
asyncio_debug: False
is_backup_config: False
is_python_package: True
instance_uuid: 68e64eb3cbfa4dcb9bf4a41ca7649a26
unix_socket_path: /home/gerwen/printer_data/comms/moonraker.sock
software_version: v0.8.0-188-ga71c5c1
git_branch: master
git_remote: origin
git_repo_url: https://github.com/Arksine/moonraker.git
modified_files: []
unofficial_components: []
log_file: /home/gerwen/printer_data/logs/moonraker.log
python_version: 3.9.2 (default, Mar 12 2021, 04:06:34)  [GCC 10.2.1 20210110]
msgspec_enabled: False
uvloop_enabled: False
2023-10-27 07:03:56,878 [confighelper.py:read_file()] - Configuration File '/home/gerwen/printer_data/config/moonraker.conf' parsed, total size: 794 B
2023-10-27 07:03:56,879 [server.py:add_log_rollover_item()] - 
#################### Moonraker Configuration ####################

[server]
host = 0.0.0.0
port = 7125
klippy_uds_address = /home/gerwen/printer_data/comms/klippy.sock

[authorization]
trusted_clients = 
	10.0.0.0/16
	10.0.0.0/8
	127.0.0.0/8
	169.254.0.0/16
	172.16.0.0/12
	192.168.0.0/16
	FE80::/10
	::1/128
cors_domains = 
	http://*.lan
	http://*.local
	https://my.mainsail.xyz
	http://my.mainsail.xyz
	https://app.fluidd.xyz
	http://app.fluidd.xyz

[octoprint_compat]

[history]

[update_manager]
channel = dev
refresh_interval = 168

[update_manager mainsail]
type = web
channel = stable
repo = mainsail-crew/mainsail
path = ~/mainsail

[file_manager]
enable_object_processing = True

#################################################################
All Configuration Files:
/home/gerwen/printer_data/config/moonraker.conf
#################################################################
2023-10-27 07:03:57,003 [app.py:register_local_handler()] - Registering HTTP Endpoint: (POST) /server/logs/rollover
2023-10-27 07:03:57,004 [websockets.py:register_api_handler()] - Registering Websocket JSON-RPC methods: server.logs.rollover
2023-10-27 07:03:57,005 [app.py:register_local_handler()] - Registering HTTP Endpoint: (GET) /server/info
2023-10-27 07:03:57,006 [websockets.py:register_api_handler()] - Registering Websocket JSON-RPC methods: server.info
2023-10-27 07:03:57,007 [app.py:register_local_handler()] - Registering HTTP Endpoint: (GET) /server/config
2023-10-27 07:03:57,008 [websockets.py:register_api_handler()] - Registering Websocket JSON-RPC methods: server.config
2023-10-27 07:03:57,009 [app.py:register_local_handler()] - Registering HTTP Endpoint: (POST) /server/restart
2023-10-27 07:03:57,010 [websockets.py:register_api_handler()] - Registering Websocket JSON-RPC methods: server.restart
2023-10-27 07:03:57,326 [server.py:load_component()] - Component (dbus_manager) loaded
2023-10-27 07:03:57,380 [server.py:add_log_rollover_item()] - Unsafe Shutdown Count: 1
2023-10-27 07:03:57,400 [app.py:register_local_handler()] - Registering HTTP Endpoint: (GET) /server/database/list
2023-10-27 07:03:57,402 [websockets.py:register_api_handler()] - Registering Websocket JSON-RPC methods: server.database.list
2023-10-27 07:03:57,403 [app.py:register_local_handler()] - Registering HTTP Endpoint: (GET POST DELETE) /server/database/item
2023-10-27 07:03:57,405 [websockets.py:register_api_handler()] - Registering Websocket JSON-RPC methods: server.database.get_item, server.database.post_item, server.database.delete_item
2023-10-27 07:03:57,405 [server.py:load_component()] - Component (database) loaded
2023-10-27 07:03:57,480 [file_manager.py:__init__()] - Using File System Observer: inotify
2023-10-27 07:03:57,544 [app.py:register_local_handler()] - Registering HTTP Endpoint: (GET) /server/files/list
2023-10-27 07:03:57,546 [websockets.py:register_api_handler()] - Registering Websocket JSON-RPC methods: server.files.list
2023-10-27 07:03:57,546 [app.py:register_local_handler()] - Registering HTTP Endpoint: (GET) /server/files/metadata
2023-10-27 07:03:57,548 [websockets.py:register_api_handler()] - Registering Websocket JSON-RPC methods: server.files.metadata
2023-10-27 07:03:57,549 [app.py:register_local_handler()] - Registering HTTP Endpoint: (POST) /server/files/metascan
2023-10-27 07:03:57,552 [websockets.py:register_api_handler()] - Registering Websocket JSON-RPC methods: server.files.metascan
2023-10-27 07:03:57,553 [app.py:register_local_handler()] - Registering HTTP Endpoint: (GET) /server/files/thumbnails
2023-10-27 07:03:57,554 [websockets.py:register_api_handler()] - Registering Websocket JSON-RPC methods: server.files.thumbnails
2023-10-27 07:03:57,555 [app.py:register_local_handler()] - Registering HTTP Endpoint: (GET) /server/files/roots
2023-10-27 07:03:57,557 [websockets.py:register_api_handler()] - Registering Websocket JSON-RPC methods: server.files.roots
2023-10-27 07:03:57,558 [app.py:register_local_handler()] - Registering HTTP Endpoint: (GET POST DELETE) /server/files/directory
2023-10-27 07:03:57,559 [websockets.py:register_api_handler()] - Registering Websocket JSON-RPC methods: server.files.get_directory, server.files.post_directory, server.files.delete_directory
2023-10-27 07:03:57,560 [app.py:register_local_handler()] - Registering HTTP Endpoint: (POST) /server/files/move
2023-10-27 07:03:57,562 [websockets.py:register_api_handler()] - Registering Websocket JSON-RPC methods: server.files.move
2023-10-27 07:03:57,562 [app.py:register_local_handler()] - Registering HTTP Endpoint: (POST) /server/files/copy
2023-10-27 07:03:57,564 [websockets.py:register_api_handler()] - Registering Websocket JSON-RPC methods: server.files.copy
2023-10-27 07:03:57,564 [app.py:register_local_handler()] - Registering HTTP Endpoint: (POST) /server/files/zip
2023-10-27 07:03:57,566 [websockets.py:register_api_handler()] - Registering Websocket JSON-RPC methods: server.files.zip
2023-10-27 07:03:57,567 [websockets.py:register_api_handler()] - Registering Websocket JSON-RPC methods: server.files.delete_file
2023-10-27 07:03:57,588 [server.py:load_component()] - Component (file_manager) loaded
2023-10-27 07:03:57,608 [app.py:register_local_handler()] - Registering HTTP Endpoint: (POST) /printer/print/pause
2023-10-27 07:03:57,610 [websockets.py:register_api_handler()] - Registering Websocket JSON-RPC methods: printer.print.pause
2023-10-27 07:03:57,611 [app.py:register_local_handler()] - Registering HTTP Endpoint: (POST) /printer/print/resume
2023-10-27 07:03:57,613 [websockets.py:register_api_handler()] - Registering Websocket JSON-RPC methods: printer.print.resume
2023-10-27 07:03:57,613 [app.py:register_local_handler()] - Registering HTTP Endpoint: (POST) /printer/print/cancel
2023-10-27 07:03:57,616 [websockets.py:register_api_handler()] - Registering Websocket JSON-RPC methods: printer.print.cancel
2023-10-27 07:03:57,616 [app.py:register_local_handler()] - Registering HTTP Endpoint: (POST) /printer/print/start
2023-10-27 07:03:57,618 [websockets.py:register_api_handler()] - Registering Websocket JSON-RPC methods: printer.print.start
2023-10-27 07:03:57,618 [app.py:register_local_handler()] - Registering HTTP Endpoint: (POST) /printer/restart
2023-10-27 07:03:57,619 [websockets.py:register_api_handler()] - Registering Websocket JSON-RPC methods: printer.restart
2023-10-27 07:03:57,620 [app.py:register_local_handler()] - Registering HTTP Endpoint: (POST) /printer/firmware_restart
2023-10-27 07:03:57,622 [websockets.py:register_api_handler()] - Registering Websocket JSON-RPC methods: printer.firmware_restart
2023-10-27 07:03:57,623 [server.py:load_component()] - Component (klippy_apis) loaded
2023-10-27 07:03:58,168 [server.py:load_component()] - Component (secrets) loaded
2023-10-27 07:03:58,195 [server.py:load_component()] - Component (template) loaded
2023-10-27 07:03:58,331 [server.py:add_log_rollover_item()] - 
System Info:

***python***
  version: (3, 9, 2, 'final', 0)
  version_string: 3.9.2 (default, Mar 12 2021, 04:06:34)  [GCC 10.2.1 20210110]

***cpu_info***
  cpu_count: 4
  bits: 32bit
  processor: armv7l
  cpu_desc: ARMv7 Processor rev 5 (v7l)
  serial_number: 585ae57e
  hardware_desc: BCM2835
  model: Raspberry Pi 2 Model B Rev 1.1
  total_memory: 761404
  memory_units: kB

***sd_info***
  manufacturer_id: 03
  manufacturer: Sandisk
  oem_id: 5344
  product_name: SD64G
  product_revision: 8.5
  serial_number: a508242f
  manufacturer_date: 11/2020
  capacity: 59.5 GiB
  total_bytes: 63864569856

***distribution***
  name: Raspbian GNU/Linux 11 (bullseye)
  id: raspbian
  version: 11
  version_parts: {'major': '11', 'minor': '', 'build_number': ''}
  like: debian
  codename: bullseye
  release_info: {'name': 'MainsailOS', 'version_id': '1.2.1', 'codename': 'bullseye', 'id': 'mainsailos'}

***virtualization***
  virt_type: none
  virt_identifier: none

***network***

***canbus***

***Allowed Services***
  klipper_mcu
  webcamd
  MoonCord
  KlipperScreen
  moonraker-telegram-bot
  moonraker-obico
  sonar
  crowsnest
  octoeverywhere
  ratos-configurator
2023-10-27 07:03:58,340 [server.py:load_component()] - Component (shell_command) loaded
2023-10-27 07:03:58,340 [machine.py:__init__()] - Using System Provider: systemd_dbus
2023-10-27 07:03:58,342 [app.py:register_local_handler()] - Registering HTTP Endpoint: (POST) /machine/reboot
2023-10-27 07:03:58,343 [websockets.py:register_api_handler()] - Registering Websocket JSON-RPC methods: machine.reboot
2023-10-27 07:03:58,344 [app.py:register_local_handler()] - Registering HTTP Endpoint: (POST) /machine/shutdown
2023-10-27 07:03:58,345 [websockets.py:register_api_handler()] - Registering Websocket JSON-RPC methods: machine.shutdown
2023-10-27 07:03:58,346 [app.py:register_local_handler()] - Registering HTTP Endpoint: (POST) /machine/services/restart
2023-10-27 07:03:58,348 [websockets.py:register_api_handler()] - Registering Websocket JSON-RPC methods: machine.services.restart
2023-10-27 07:03:58,349 [app.py:register_local_handler()] - Registering HTTP Endpoint: (POST) /machine/services/stop
2023-10-27 07:03:58,350 [websockets.py:register_api_handler()] - Registering Websocket JSON-RPC methods: machine.services.stop
2023-10-27 07:03:58,351 [app.py:register_local_handler()] - Registering HTTP Endpoint: (POST) /machine/services/start
2023-10-27 07:03:58,354 [websockets.py:register_api_handler()] - Registering Websocket JSON-RPC methods: machine.services.start
2023-10-27 07:03:58,354 [app.py:register_local_handler()] - Registering HTTP Endpoint: (GET) /machine/system_info
2023-10-27 07:03:58,356 [websockets.py:register_api_handler()] - Registering Websocket JSON-RPC methods: machine.system_info
2023-10-27 07:03:58,359 [app.py:register_local_handler()] - Registering HTTP Endpoint: (GET) /machine/sudo/info
2023-10-27 07:03:58,361 [websockets.py:register_api_handler()] - Registering Websocket JSON-RPC methods: machine.sudo.info
2023-10-27 07:03:58,362 [app.py:register_local_handler()] - Registering HTTP Endpoint: (POST) /machine/sudo/password
2023-10-27 07:03:58,365 [websockets.py:register_api_handler()] - Registering Websocket JSON-RPC methods: machine.sudo.password
2023-10-27 07:03:58,369 [server.py:load_component()] - Component (machine) loaded
2023-10-27 07:03:58,378 [app.py:register_local_handler()] - Registering HTTP Endpoint: (GET) /server/temperature_store
2023-10-27 07:03:58,380 [websockets.py:register_api_handler()] - Registering Websocket JSON-RPC methods: server.temperature_store
2023-10-27 07:03:58,381 [app.py:register_local_handler()] - Registering HTTP Endpoint: (GET) /server/gcode_store
2023-10-27 07:03:58,383 [websockets.py:register_api_handler()] - Registering Websocket JSON-RPC methods: server.gcode_store
2023-10-27 07:03:58,383 [server.py:load_component()] - Component (data_store) loaded
2023-10-27 07:03:58,399 [proc_stats.py:__init__()] - Detected 'vcgencmd', throttle checking enabled
2023-10-27 07:03:58,400 [app.py:register_local_handler()] - Registering HTTP Endpoint: (GET) /machine/proc_stats
2023-10-27 07:03:58,402 [websockets.py:register_api_handler()] - Registering Websocket JSON-RPC methods: machine.proc_stats
2023-10-27 07:03:58,403 [server.py:load_component()] - Component (proc_stats) loaded
2023-10-27 07:03:58,411 [server.py:load_component()] - Component (job_state) loaded
2023-10-27 07:03:58,420 [app.py:register_local_handler()] - Registering HTTP Endpoint: (POST DELETE) /server/job_queue/job
2023-10-27 07:03:58,422 [websockets.py:register_api_handler()] - Registering Websocket JSON-RPC methods: server.job_queue.post_job, server.job_queue.delete_job
2023-10-27 07:03:58,423 [app.py:register_local_handler()] - Registering HTTP Endpoint: (POST) /server/job_queue/pause
2023-10-27 07:03:58,425 [websockets.py:register_api_handler()] - Registering Websocket JSON-RPC methods: server.job_queue.pause
2023-10-27 07:03:58,430 [app.py:register_local_handler()] - Registering HTTP Endpoint: (POST) /server/job_queue/start
2023-10-27 07:03:58,432 [websockets.py:register_api_handler()] - Registering Websocket JSON-RPC methods: server.job_queue.start
2023-10-27 07:03:58,433 [app.py:register_local_handler()] - Registering HTTP Endpoint: (GET) /server/job_queue/status
2023-10-27 07:03:58,436 [websockets.py:register_api_handler()] - Registering Websocket JSON-RPC methods: server.job_queue.status
2023-10-27 07:03:58,436 [app.py:register_local_handler()] - Registering HTTP Endpoint: (POST) /server/job_queue/jump
2023-10-27 07:03:58,439 [websockets.py:register_api_handler()] - Registering Websocket JSON-RPC methods: server.job_queue.jump
2023-10-27 07:03:58,439 [server.py:load_component()] - Component (job_queue) loaded
2023-10-27 07:03:58,474 [server.py:load_component()] - Component (http_client) loaded
2023-10-27 07:03:58,493 [app.py:register_local_handler()] - Registering HTTP Endpoint: (GET) /server/announcements/list
2023-10-27 07:03:58,496 [websockets.py:register_api_handler()] - Registering Websocket JSON-RPC methods: server.announcements.list
2023-10-27 07:03:58,496 [app.py:register_local_handler()] - Registering HTTP Endpoint: (POST) /server/announcements/dismiss
2023-10-27 07:03:58,498 [websockets.py:register_api_handler()] - Registering Websocket JSON-RPC methods: server.announcements.dismiss
2023-10-27 07:03:58,499 [app.py:register_local_handler()] - Registering HTTP Endpoint: (POST) /server/announcements/update
2023-10-27 07:03:58,502 [websockets.py:register_api_handler()] - Registering Websocket JSON-RPC methods: server.announcements.update
2023-10-27 07:03:58,502 [app.py:register_local_handler()] - Registering HTTP Endpoint: (POST DELETE) /server/announcements/feed
2023-10-27 07:03:58,504 [websockets.py:register_api_handler()] - Registering Websocket JSON-RPC methods: server.announcements.post_feed, server.announcements.delete_feed
2023-10-27 07:03:58,505 [app.py:register_local_handler()] - Registering HTTP Endpoint: (GET) /server/announcements/feeds
2023-10-27 07:03:58,508 [websockets.py:register_api_handler()] - Registering Websocket JSON-RPC methods: server.announcements.feeds
2023-10-27 07:03:58,508 [server.py:load_component()] - Component (announcements) loaded
2023-10-27 07:03:58,517 [app.py:register_local_handler()] - Registering HTTP Endpoint: (GET) /server/webcams/list
2023-10-27 07:03:58,520 [websockets.py:register_api_handler()] - Registering Websocket JSON-RPC methods: server.webcams.list
2023-10-27 07:03:58,521 [app.py:register_local_handler()] - Registering HTTP Endpoint: (GET POST DELETE) /server/webcams/item
2023-10-27 07:03:58,523 [websockets.py:register_api_handler()] - Registering Websocket JSON-RPC methods: server.webcams.get_item, server.webcams.post_item, server.webcams.delete_item
2023-10-27 07:03:58,524 [app.py:register_local_handler()] - Registering HTTP Endpoint: (POST) /server/webcams/test
2023-10-27 07:03:58,526 [websockets.py:register_api_handler()] - Registering Websocket JSON-RPC methods: server.webcams.test
2023-10-27 07:03:58,527 [server.py:load_component()] - Component (webcam) loaded
2023-10-27 07:03:58,535 [websockets.py:register_api_handler()] - Registering Websocket JSON-RPC methods: connection.send_event
2023-10-27 07:03:58,536 [app.py:register_local_handler()] - Registering HTTP Endpoint: (GET) /server/extensions/list
2023-10-27 07:03:58,538 [websockets.py:register_api_handler()] - Registering Websocket JSON-RPC methods: server.extensions.list
2023-10-27 07:03:58,539 [app.py:register_local_handler()] - Registering HTTP Endpoint: (POST) /server/extensions/request
2023-10-27 07:03:58,541 [websockets.py:register_api_handler()] - Registering Websocket JSON-RPC methods: server.extensions.request
2023-10-27 07:03:58,542 [server.py:load_component()] - Component (extensions) loaded
2023-10-27 07:03:58,632 [authorization.py:__init__()] - Authorization Configuration Loaded
Trusted Clients:
10.0.0.0/16
10.0.0.0/8
127.0.0.0/8
169.254.0.0/16
172.16.0.0/12
192.168.0.0/16
fe80::/10
::1/128
CORS Domains:
http://.*\.lan
http://.*\.local
https://my\.mainsail\.xyz
http://my\.mainsail\.xyz
https://app\.fluidd\.xyz
http://app\.fluidd\.xyz
2023-10-27 07:03:58,632 [app.py:register_local_handler()] - Registering HTTP Endpoint: (POST) /access/login
2023-10-27 07:03:58,634 [websockets.py:register_api_handler()] - Registering Websocket JSON-RPC methods: access.login
2023-10-27 07:03:58,634 [app.py:register_local_handler()] - Registering HTTP Endpoint: (POST) /access/logout
2023-10-27 07:03:58,635 [websockets.py:register_api_handler()] - Registering Websocket JSON-RPC methods: access.logout
2023-10-27 07:03:58,636 [app.py:register_local_handler()] - Registering HTTP Endpoint: (POST) /access/refresh_jwt
2023-10-27 07:03:58,638 [websockets.py:register_api_handler()] - Registering Websocket JSON-RPC methods: access.refresh_jwt
2023-10-27 07:03:58,638 [app.py:register_local_handler()] - Registering HTTP Endpoint: (GET POST DELETE) /access/user
2023-10-27 07:03:58,640 [websockets.py:register_api_handler()] - Registering Websocket JSON-RPC methods: access.get_user, access.post_user, access.delete_user
2023-10-27 07:03:58,640 [app.py:register_local_handler()] - Registering HTTP Endpoint: (GET) /access/users/list
2023-10-27 07:03:58,641 [websockets.py:register_api_handler()] - Registering Websocket JSON-RPC methods: access.users.list
2023-10-27 07:03:58,642 [app.py:register_local_handler()] - Registering HTTP Endpoint: (POST) /access/user/password
2023-10-27 07:03:58,644 [websockets.py:register_api_handler()] - Registering Websocket JSON-RPC methods: access.user.password
2023-10-27 07:03:58,645 [app.py:register_local_handler()] - Registering HTTP Endpoint: (GET POST) /access/api_key
2023-10-27 07:03:58,647 [websockets.py:register_api_handler()] - Registering Websocket JSON-RPC methods: access.get_api_key, access.post_api_key
2023-10-27 07:03:58,647 [app.py:register_local_handler()] - Registering HTTP Endpoint: (GET) /access/oneshot_token
2023-10-27 07:03:58,649 [websockets.py:register_api_handler()] - Registering Websocket JSON-RPC methods: access.oneshot_token
2023-10-27 07:03:58,650 [app.py:register_local_handler()] - Registering HTTP Endpoint: (GET) /access/info
2023-10-27 07:03:58,651 [websockets.py:register_api_handler()] - Registering Websocket JSON-RPC methods: access.info
2023-10-27 07:03:58,651 [server.py:load_component()] - Component (authorization) loaded
2023-10-27 07:03:58,668 [app.py:register_local_handler()] - Registering HTTP Endpoint: (GET DELETE) /server/history/job
2023-10-27 07:03:58,672 [websockets.py:register_api_handler()] - Registering Websocket JSON-RPC methods: server.history.get_job, server.history.delete_job
2023-10-27 07:03:58,673 [app.py:register_local_handler()] - Registering HTTP Endpoint: (GET) /server/history/list
2023-10-27 07:03:58,676 [websockets.py:register_api_handler()] - Registering Websocket JSON-RPC methods: server.history.list
2023-10-27 07:03:58,677 [app.py:register_local_handler()] - Registering HTTP Endpoint: (GET) /server/history/totals
2023-10-27 07:03:58,682 [websockets.py:register_api_handler()] - Registering Websocket JSON-RPC methods: server.history.totals
2023-10-27 07:03:58,682 [app.py:register_local_handler()] - Registering HTTP Endpoint: (POST) /server/history/reset_totals
2023-10-27 07:03:58,685 [websockets.py:register_api_handler()] - Registering Websocket JSON-RPC methods: server.history.reset_totals
2023-10-27 07:03:58,687 [server.py:load_component()] - Component (history) loaded
2023-10-27 07:03:58,893 [base_deploy.py:log_info()] - Git Repo moonraker: Detected virtualenv: /home/gerwen/moonraker-env
2023-10-27 07:03:58,904 [base_deploy.py:log_info()] - Git Repo klipper: Detected virtualenv: /home/gerwen/klippy-env
2023-10-27 07:03:58,911 [app.py:register_local_handler()] - Registering HTTP Endpoint: (POST) /machine/update/moonraker
2023-10-27 07:03:58,913 [websockets.py:register_api_handler()] - Registering Websocket JSON-RPC methods: machine.update.moonraker
2023-10-27 07:03:58,914 [app.py:register_local_handler()] - Registering HTTP Endpoint: (POST) /machine/update/klipper
2023-10-27 07:03:58,915 [websockets.py:register_api_handler()] - Registering Websocket JSON-RPC methods: machine.update.klipper
2023-10-27 07:03:58,916 [app.py:register_local_handler()] - Registering HTTP Endpoint: (POST) /machine/update/system
2023-10-27 07:03:58,918 [websockets.py:register_api_handler()] - Registering Websocket JSON-RPC methods: machine.update.system
2023-10-27 07:03:58,918 [app.py:register_local_handler()] - Registering HTTP Endpoint: (POST) /machine/update/client
2023-10-27 07:03:58,920 [websockets.py:register_api_handler()] - Registering Websocket JSON-RPC methods: machine.update.client
2023-10-27 07:03:58,920 [app.py:register_local_handler()] - Registering HTTP Endpoint: (POST) /machine/update/full
2023-10-27 07:03:58,921 [websockets.py:register_api_handler()] - Registering Websocket JSON-RPC methods: machine.update.full
2023-10-27 07:03:58,922 [app.py:register_local_handler()] - Registering HTTP Endpoint: (GET) /machine/update/status
2023-10-27 07:03:58,924 [websockets.py:register_api_handler()] - Registering Websocket JSON-RPC methods: machine.update.status
2023-10-27 07:03:58,925 [app.py:register_local_handler()] - Registering HTTP Endpoint: (POST) /machine/update/refresh
2023-10-27 07:03:58,926 [websockets.py:register_api_handler()] - Registering Websocket JSON-RPC methods: machine.update.refresh
2023-10-27 07:03:58,927 [app.py:register_local_handler()] - Registering HTTP Endpoint: (POST) /machine/update/recover
2023-10-27 07:03:58,929 [websockets.py:register_api_handler()] - Registering Websocket JSON-RPC methods: machine.update.recover
2023-10-27 07:03:58,929 [app.py:register_local_handler()] - Registering HTTP Endpoint: (POST) /machine/update/rollback
2023-10-27 07:03:58,931 [websockets.py:register_api_handler()] - Registering Websocket JSON-RPC methods: machine.update.rollback
2023-10-27 07:03:58,931 [server.py:load_component()] - Component (update_manager) loaded
2023-10-27 07:03:58,941 [app.py:register_local_handler()] - Registering HTTP Endpoint: (GET) /api/version
2023-10-27 07:03:58,942 [app.py:register_local_handler()] - Registering HTTP Endpoint: (GET) /api/server
2023-10-27 07:03:58,945 [app.py:register_local_handler()] - Registering HTTP Endpoint: (POST) /api/login
2023-10-27 07:03:58,946 [app.py:register_local_handler()] - Registering HTTP Endpoint: (GET) /api/currentuser
2023-10-27 07:03:58,948 [app.py:register_local_handler()] - Registering HTTP Endpoint: (GET) /api/settings
2023-10-27 07:03:58,950 [app.py:register_local_handler()] - Registering HTTP Endpoint: (GET) /api/job
2023-10-27 07:03:58,951 [app.py:register_local_handler()] - Registering HTTP Endpoint: (GET) /api/printer
2023-10-27 07:03:58,952 [app.py:register_local_handler()] - Registering HTTP Endpoint: (POST) /api/printer/command
2023-10-27 07:03:58,954 [app.py:register_local_handler()] - Registering HTTP Endpoint: (GET) /api/printerprofiles
2023-10-27 07:03:58,958 [app.py:register_local_handler()] - Registering HTTP Endpoint: (POST) /api/files/moonraker/(?P<relative_path>.+)
2023-10-27 07:03:58,960 [server.py:load_component()] - Component (octoprint_compat) loaded
2023-10-27 07:03:58,995 [server.py:_initialize_component()] - Performing Component Post Init: [dbus_manager]
2023-10-27 07:03:59,045 [server.py:_initialize_component()] - Performing Component Post Init: [file_manager]
2023-10-27 07:03:59,109 [server.py:_initialize_component()] - Performing Component Post Init: [machine]
2023-10-27 07:03:59,110 [machine.py:validation_init()] - Installation version in database up to date
2023-10-27 07:04:00,047 [machine.py:check_virt_status()] - No Virtualization Detected
2023-10-27 07:04:00,082 [machine.py:_find_public_ip()] - Detected Local IP: 192.168.0.206
2023-10-27 07:04:00,090 [webcam.py:_set_default_host_ip()] - Default public webcam address set: http://192.168.0.206
2023-10-27 07:04:00,377 [server.py:add_log_rollover_item()] - 
Systemd unit moonraker.service:
unit_name: moonraker.service
is_default: True
manager: systemd
Properties:
**Requires=['network-online.target', 'sysinit.target', 'system.slice']
**After=['network-online.target', 'systemd-journald.socket', 'klipper.service', 'basic.target', 'sysinit.target', 'system.slice']
**SupplementaryGroups=['moonraker-admin']
**EnvironmentFiles=/home/gerwen/printer_data/systemd/moonraker.env
**ExecStart=/home/gerwen/moonraker-env/bin/python $MOONRAKER_ARGS
**WorkingDirectory=
**FragmentPath=/etc/systemd/system/moonraker.service
**Description=API Server for Klipper SV1
**User=gerwen
2023-10-27 07:04:00,377 [server.py:_initialize_component()] - Performing Component Post Init: [proc_stats]
2023-10-27 07:04:00,378 [server.py:_initialize_component()] - Performing Component Post Init: [announcements]
2023-10-27 07:04:00,380 [server.py:_initialize_component()] - Performing Component Post Init: [webcam]
2023-10-27 07:04:00,381 [webcam.py:_set_default_host_ip()] - Default public webcam address set: http://192.168.0.206
2023-10-27 07:04:00,382 [server.py:_initialize_component()] - Performing Component Post Init: [klippy_connection]
2023-10-27 07:04:00,391 [server.py:add_log_rollover_item()] - 
Systemd unit klipper.service:
unit_name: klipper.service
is_default: True
manager: systemd
Properties:
**Requires=['-.mount', 'sysinit.target', 'system.slice']
**After=['system.slice', 'network-online.target', 'sysinit.target', '-.mount', 'basic.target', 'systemd-journald.socket']
**SupplementaryGroups=[]
**EnvironmentFiles=/home/gerwen/printer_data/systemd/klipper.env
**ExecStart=/home/gerwen/klippy-env/bin/python $KLIPPER_ARGS
**WorkingDirectory=/home/gerwen/klipper
**FragmentPath=/etc/systemd/system/klipper.service
**Description=Klipper 3D Printer Firmware SV1
**User=gerwen
2023-10-27 07:04:00,392 [server.py:_initialize_component()] - Performing Component Post Init: [authorization]
2023-10-27 07:04:00,392 [server.py:_initialize_component()] - Performing Component Post Init: [update_manager]
2023-10-27 07:04:01,515 [base_deploy.py:log_info()] - PackageDeploy: PackageKit Provider Configured
2023-10-27 07:04:01,517 [base_deploy.py:log_info()] - Git Repo moonraker: Stored pip version: 20.3.4
2023-10-27 07:04:02,091 [git_deploy.py:log_repo_info()] - Git Repo moonraker Detected:
Owner: Arksine
Repository Name: moonraker
Path: /home/gerwen/moonraker
Remote: origin
Branch: master
Remote URL: https://github.com/Arksine/moonraker.git
Recovery URL: https://github.com/Arksine/moonraker.git
Current Commit SHA: a71c5c159d04bae72c2aab9d92b5433aeb0c4d38
Upstream Commit SHA: a71c5c159d04bae72c2aab9d92b5433aeb0c4d38
Current Version: v0.8.0-188-ga71c5c15
Upstream Version: v0.8.0-188-ga71c5c15
Rollback Commit: a71c5c159d04bae72c2aab9d92b5433aeb0c4d38
Rollback Branch: master
Rollback Version: v0.8.0-188-ga71c5c1
Is Dirty: False
Is Detached: False
Is Shallow: False
Commits Behind Count: 0
Diverged: False
Repo Warnings:
  Repo has untracked source files: ['moonraker/components/timelapse.py']
2023-10-27 07:04:02,664 [git_deploy.py:log_repo_info()] - Git Repo klipper Detected:
Owner: Klipper3d
Repository Name: klipper
Path: /home/gerwen/klipper
Remote: origin
Branch: master
Remote URL: https://github.com/Klipper3d/klipper.git
Recovery URL: https://github.com/Klipper3d/klipper.git
Current Commit SHA: f7567a0db954eabe4c6b8da3f73ce68693698646
Upstream Commit SHA: f7567a0db954eabe4c6b8da3f73ce68693698646
Current Version: v0.11.0-304-gf7567a0d
Upstream Version: v0.11.0-304-gf7567a0d
Rollback Commit: f7567a0db954eabe4c6b8da3f73ce68693698646
Rollback Branch: master
Rollback Version: v0.11.0-304-gf7567a0d
Is Dirty: False
Is Detached: False
Is Shallow: False
Commits Behind Count: 0
Diverged: False
2023-10-27 07:04:02,686 [web_deploy.py:_log_client_info()] - Web Client mainsail Detected:
Repo: mainsail-crew/mainsail
Channel: stable
Path: /home/gerwen/mainsail
Local Version: v2.8.0
Remote Version: v2.8.0
Valid: True
Fallback Client Detected: False
Pre-release: False
Download Url: https://github.com/mainsail-crew/mainsail/releases/download/v2.8.0/mainsail.zip
Download Size: 2147663
Content Type: application/zip
Rollback Version: v2.8.0
Rollback Repo: mainsail-crew/mainsail
2023-10-27 07:04:02,687 [base_deploy.py:log_info()] - PackageKit: Next refresh in: 6 Days, 4 Hours, 29 Minutes, 20 Seconds
2023-10-27 07:04:02,688 [base_deploy.py:log_info()] - Git Repo moonraker: Next refresh in: 6 Days, 5 Hours, 38 Minutes, 6 Seconds
2023-10-27 07:04:02,688 [base_deploy.py:log_info()] - Git Repo klipper: Next refresh in: 6 Days, 5 Hours, 38 Minutes, 8 Seconds
2023-10-27 07:04:02,688 [base_deploy.py:log_info()] - Web Client mainsail: Next refresh in: 6 Days, 5 Hours, 36 Minutes
2023-10-27 07:04:02,703 [extensions.py:start_unix_server()] - Creating Unix Domain Socket at '/home/gerwen/printer_data/comms/moonraker.sock'
2023-10-27 07:04:02,705 [server.py:start_server()] - Starting Moonraker on (0.0.0.0, 7125), Hostname: klipper
2023-10-27 07:04:02,710 [app.py:listen()] - SSL Certificate/Key not configured, aborting HTTPS Server startup
2023-10-27 07:04:02,964 [klippy_connection.py:_do_connect()] - Klippy Connection Established
2023-10-27 07:04:03,182 [server.py:add_log_rollover_item()] - 
Systemd unit klipper.service:
unit_name: klipper.service
is_default: True
manager: systemd
Properties:
**Requires=['sysinit.target', '-.mount', 'system.slice']
**After=['-.mount', 'network-online.target', 'systemd-journald.socket', 'basic.target', 'sysinit.target', 'system.slice']
**SupplementaryGroups=[]
**EnvironmentFiles=/home/gerwen/printer_data/systemd/klipper.env
**ExecStart=/home/gerwen/klippy-env/bin/python $KLIPPER_ARGS
**WorkingDirectory=/home/gerwen/klipper
**FragmentPath=/etc/systemd/system/klipper.service
**Description=Klipper 3D Printer Firmware SV1
**User=gerwen
2023-10-27 07:04:03,439 [server.py:add_log_rollover_item()] - Klipper Version: v0.11.0-304-gf7567a0d
2023-10-27 07:04:03,458 [app.py:register_remote_handler()] - Registering HTTP endpoint: (GET POST) /printer/info
2023-10-27 07:04:03,460 [websockets.py:register_api_handler()] - Registering Websocket JSON-RPC methods: printer.info
2023-10-27 07:04:03,461 [app.py:register_remote_handler()] - Registering HTTP endpoint: (GET POST) /printer/emergency_stop
2023-10-27 07:04:03,462 [websockets.py:register_api_handler()] - Registering Websocket JSON-RPC methods: printer.emergency_stop
2023-10-27 07:04:03,462 [app.py:register_remote_handler()] - Registering HTTP endpoint: (GET POST) /printer/gcode/help
2023-10-27 07:04:03,464 [websockets.py:register_api_handler()] - Registering Websocket JSON-RPC methods: printer.gcode.help
2023-10-27 07:04:03,465 [app.py:register_remote_handler()] - Registering HTTP endpoint: (GET POST) /printer/gcode/script
2023-10-27 07:04:03,466 [websockets.py:register_api_handler()] - Registering Websocket JSON-RPC methods: printer.gcode.script
2023-10-27 07:04:03,467 [app.py:register_remote_handler()] - Registering HTTP endpoint: (GET POST) /printer/gcode/restart
2023-10-27 07:04:03,469 [websockets.py:register_api_handler()] - Registering Websocket JSON-RPC methods: printer.gcode.restart
2023-10-27 07:04:03,469 [app.py:register_remote_handler()] - Registering HTTP endpoint: (GET POST) /printer/gcode/firmware_restart
2023-10-27 07:04:03,472 [websockets.py:register_api_handler()] - Registering Websocket JSON-RPC methods: printer.gcode.firmware_restart
2023-10-27 07:04:03,472 [app.py:register_remote_handler()] - Registering HTTP endpoint: (GET POST) /printer/objects/list
2023-10-27 07:04:03,474 [websockets.py:register_api_handler()] - Registering Websocket JSON-RPC methods: printer.objects.list
2023-10-27 07:04:03,474 [app.py:register_remote_handler()] - Registering HTTP endpoint: (GET POST) /printer/objects/query
2023-10-27 07:04:03,476 [websockets.py:register_api_handler()] - Registering Websocket JSON-RPC methods: printer.objects.query
2023-10-27 07:04:03,477 [app.py:register_remote_handler()] - Registering HTTP endpoint: (GET POST) /printer/objects/subscribe
2023-10-27 07:04:03,478 [websockets.py:register_api_handler()] - Registering Websocket JSON-RPC methods: printer.objects.subscribe
2023-10-27 07:04:03,479 [app.py:register_remote_handler()] - Registering HTTP endpoint: (GET POST) /printer/pause_resume/cancel
2023-10-27 07:04:03,480 [websockets.py:register_api_handler()] - Registering Websocket JSON-RPC methods: printer.pause_resume.cancel
2023-10-27 07:04:03,481 [app.py:register_remote_handler()] - Registering HTTP endpoint: (GET POST) /printer/pause_resume/pause
2023-10-27 07:04:03,483 [websockets.py:register_api_handler()] - Registering Websocket JSON-RPC methods: printer.pause_resume.pause
2023-10-27 07:04:03,484 [app.py:register_remote_handler()] - Registering HTTP endpoint: (GET POST) /printer/pause_resume/resume
2023-10-27 07:04:03,486 [websockets.py:register_api_handler()] - Registering Websocket JSON-RPC methods: printer.pause_resume.resume
2023-10-27 07:04:03,486 [app.py:register_remote_handler()] - Registering HTTP endpoint: (GET POST) /printer/motion_report/dump_stepper
2023-10-27 07:04:03,489 [websockets.py:register_api_handler()] - Registering Websocket JSON-RPC methods: printer.motion_report.dump_stepper
2023-10-27 07:04:03,489 [app.py:register_remote_handler()] - Registering HTTP endpoint: (GET POST) /printer/query_endstops/status
2023-10-27 07:04:03,491 [websockets.py:register_api_handler()] - Registering Websocket JSON-RPC methods: printer.query_endstops.status
2023-10-27 07:04:03,840 [authorization.py:_check_trusted_connection()] - Trusted Connection Detected, IP: 192.168.0.200
2023-10-27 07:04:05,184 [klippy_connection.py:_request_initial_subscriptions()] - Webhooks Subscribed
2023-10-27 07:04:05,188 [klippy_connection.py:_request_initial_subscriptions()] - GCode Output Subscribed
2023-10-27 07:04:05,193 [app.py:register_remote_handler()] - Registering HTTP endpoint: (GET POST) /printer/motion_report/dump_trapq
2023-10-27 07:04:05,195 [websockets.py:register_api_handler()] - Registering Websocket JSON-RPC methods: printer.motion_report.dump_trapq
2023-10-27 07:04:05,436 [job_state.py:_handle_started()] - Job state initialized: standby
2023-10-27 07:04:05,729 [klippy_connection.py:_check_ready()] - Klippy ready
2023-10-27 07:04:06,189 [data_store.py:_init_sensors()] - Configuring available sensors: ['heater_bed', 'extruder']
2023-10-27 07:04:33,236 [app.py:log_request()] - 101 GET /websocket (192.168.0.200) [_TRUSTED_USER_] 7.77ms
2023-10-27 07:04:33,239 [websockets.py:open()] - Websocket Opened: ID: 1729869136, Proxied: True, User Agent: Mozilla/5.0 (Windows NT 10.0; Win64; x64; rv:109.0) Gecko/20100101 Firefox/119.0, Host Name: klipper.local
2023-10-27 07:04:33,251 [websockets.py:_handle_identify()] - Websocket 1729869136 Client Identified - Name: mainsail, Version: 2.8.0, Type: web
2023-10-27 07:08:55,791 [klippy_connection.py:wait()] - Request 'gcode/script' pending: 60.00 seconds
2023-10-27 07:09:55,793 [klippy_connection.py:wait()] - Request 'gcode/script' pending: 120.00 seconds
2023-10-27 07:10:55,796 [klippy_connection.py:wait()] - Request 'gcode/script' pending: 180.01 seconds
2023-10-27 07:11:55,799 [klippy_connection.py:wait()] - Request 'gcode/script' pending: 240.01 seconds
2023-10-27 07:12:55,802 [klippy_connection.py:wait()] - Request 'gcode/script' pending: 300.01 seconds
2023-10-27 07:31:02,329 [websockets.py:on_close()] - Websocket Closed: ID: 1729869136 Close Code: 1001, Close Reason: None, Pong Time Elapsed: 9.08
2023-10-27 07:31:11,232 [app.py:log_request()] - 101 GET /websocket (192.168.0.200) [_TRUSTED_USER_] 7.45ms
2023-10-27 07:31:11,233 [websockets.py:open()] - Websocket Opened: ID: 1729867080, Proxied: True, User Agent: Mozilla/5.0 (Windows NT 10.0; Win64; x64; rv:109.0) Gecko/20100101 Firefox/119.0, Host Name: klipper.local
2023-10-27 07:31:32,569 [websockets.py:_handle_identify()] - Websocket 1729867080 Client Identified - Name: mainsail, Version: 2.8.0, Type: web
2023-10-27 07:44:28,759 [common.py:build_error()] - JSON-RPC Request Error - Requested Method: printer.gcode.script, Code: 400, Message: {'error': 'WebRequestError', 'message': 'Must home axis first: 195.000 223.000 30.000 [0.000]'}
2023-10-27 07:44:38,411 [common.py:build_error()] - JSON-RPC Request Error - Requested Method: printer.gcode.script, Code: 400, Message: {'error': 'WebRequestError', 'message': 'Must home axis first: 195.000 223.000 30.000 [0.000]'}
2023-10-27 07:44:45,524 [common.py:build_error()] - JSON-RPC Request Error - Requested Method: printer.gcode.script, Code: 400, Message: {'error': 'WebRequestError', 'message': 'Must home X and Y axes first'}
